<?xml version="1.0" encoding="UTF-8"?>
<!-- Generated by org.testng.reporters.JUnitReportReporter -->
<testsuite hostname="NuralTech_QA" failures="0" tests="1" name="testCase.TC004_CreateSalesChannel" time="14.622" errors="0" timestamp="2025-04-17T12:43:27 IST" skipped="0">
  <testcase classname="testCase.TC004_CreateSalesChannel" name="CreateSalesChannel" time="14.622"/>
</testsuite> <!-- testCase.TC004_CreateSalesChannel -->
