<?xml version="1.0" encoding="UTF-8"?>
<!-- Generated by org.testng.reporters.JUnitReportReporter -->
<testsuite hostname="NuralTech_QA" failures="0" tests="1" name="testCase.TC003_SettingIcon" time="9.307" errors="0" timestamp="2025-04-14T21:31:31 IST" skipped="0">
  <testcase classname="testCase.TC003_SettingIcon" name="settingIconClick" time="9.307"/>
</testsuite> <!-- testCase.TC003_SettingIcon -->
